17:38:21.505 [main] INFO  Console.Console - Admin logged in.
18:37:32.917 [main] INFO  Presentation.Console - Admin logged in.
18:37:35.792 [main] WARN  Presentation.Console - ***THIS PART INCOMPLETE***

18:37:41.548 [main] INFO  Presentation.Console - Admin logout
19:27:20.285 [main] INFO  FlightDAOTest - {
"flights" : [
{
"id" : 644,
"fromPlace" : "Paris",
"toPlace" : "Minsk",
"departureDate" : "08.06.2020, 03:45 PM",
"arrivalDate" : "07.06.2020, 05:45 PM",
"passengersAmount" : 65
},
{
"id" : 123,
"fromPlace" : "Kiev",
"toPlace" : "Minsk",
"departureDate" : "19.08.2020, 04:20 PM",
"arrivalDate" : "19.08.2020, 06:20 PM",
"passengersAmount" : 50
},
{
"id" : 452,
"fromPlace" : "Minsk",
"toPlace" : "Paris",
"departureDate" : "07.06.2020, 12:30 PM",
"arrivalDate" : "07.06.2020, 02:30 PM",
"passengersAmount" : 68
}
]
